This is LuaHBTeX, Version 1.15.0 (MiKTeX 22.3) (format=lualatex 2022.7.5)  5 JUL 2022 13:00
 restricted system commands enabled.
**outkA5e.tex
(./outkA5e.tex
LaTeX2e <2022-06-01> patch level 3
Lua module: luaotfload 2022-06-15 3.22 Lua based OpenType font support
Lua module: lualibs 2021-05-20 2.74 ConTeXt Lua standard libraries.
Lua module: lualibs-extended 2021-05-20 2.74 ConTeXt Lua libraries -- extended c
ollection.
luaotfload | conf : Root cache directory is "C:/Users/Stuart/AppData/Local/MiKTe
X/luatex-cache/generic/names".
luaotfload | init : Loading fontloader "fontloader-2022-06-15.lua" from kpse-res
olved path "C:/Users/Stuart/AppData/Local/Programs/MiKTeX/tex/luatex/luaotfload/
fontloader-2022-06-15.lua".
Lua-only attribute luaotfload@noligature = 1
luaotfload | init : Context OpenType loader version 3.120
Inserting `luaotfload.node_processor' at position 1 in `pre_linebreak_filter'.
Inserting `luaotfload.node_processor' at position 1 in `hpack_filter'.
Inserting `luaotfload.glyph_stream' at position 1 in `glyph_stream_provider'.
Inserting `luaotfload.define_font' at position 1 in `define_font'.
Lua-only attribute luaotfload_color_attribute = 2
luaotfload | conf : Root cache directory is "C:/Users/Stuart/AppData/Local/MiKTe
X/luatex-cache/generic/names".
Inserting `luaotfload.harf.strip_prefix' at position 1 in `find_opentype_file'.
Inserting `luaotfload.harf.strip_prefix' at position 1 in `find_truetype_file'.
Removing  `luaotfload.glyph_stream' from `glyph_stream_provider'.
Inserting `luaotfload.harf.glyphstream' at position 1 in `glyph_stream_provider'
.
Inserting `luaotfload.harf.finalize_vlist' at position 1 in `post_linebreak_filt
er'.
Inserting `luaotfload.harf.finalize_hlist' at position 2 in `hpack_filter'.
Inserting `luaotfload.cleanup_files' at position 1 in `wrapup_run'.
Inserting `luaotfload.harf.finalize_unicode' at position 1 in `finish_pdffile'.
Inserting `luaotfload.glyphinfo' at position 1 in `glyph_info'.
Lua-only attribute luaotfload.letterspace_done = 3
Inserting `luaotfload.aux.set_sscale_dimens' at position 1 in `luaotfload.patch_
font'.
Inserting `luaotfload.aux.set_font_index' at position 2 in `luaotfload.patch_fon
t'.
Inserting `luaotfload.aux.patch_cambria_domh' at position 3 in `luaotfload.patch
_font'.
Inserting `luaotfload.aux.fixup_fontdata' at position 1 in `luaotfload.patch_fon
t_unsafe'.
Inserting `luaotfload.aux.set_capheight' at position 4 in `luaotfload.patch_font
'.
Inserting `luaotfload.aux.set_xheight' at position 5 in `luaotfload.patch_font'.
Inserting `luaotfload.rewrite_fontname' at position 6 in `luaotfload.patch_font'
. L3 programming layer <2022-06-16>
Inserting `tracingstacklevels' at position 1 in `input_level_string'.
(C:/Users/Stuart/AppData/Local/Programs/MiKTeX/tex/latex/base/book.cls
Document Class: book 2021/10/04 v1.4n Standard LaTeX document class
(C:/Users/Stuart/AppData/Local/Programs/MiKTeX/tex/latex/base/bk12.clo
File: bk12.clo 2021/10/04 v1.4n Standard LaTeX file (size option)
luaotfload | db : Font names database loaded from C:/Users/Stuart/AppData/Local/
MiKTeX/luatex-cache/generic/names/luaotfload-names.luc.gz)
\c@part=\count183
\c@chapter=\count184
\c@section=\count185
\c@subsection=\count186
\c@subsubsection=\count187
\c@paragraph=\count188
\c@subparagraph=\count189
\c@figure=\count190
\c@table=\count191
\abovecaptionskip=\skip47
\belowcaptionskip=\skip48
\bibindent=\dimen137
)
(C:/Users/Stuart/AppData/Local/Programs/MiKTeX/tex/latex/geometry/geometry.sty
Package: geometry 2020/01/02 v5.9 Page Geometry

(C:/Users/Stuart/AppData/Local/Programs/MiKTeX/tex/latex/graphics/keyval.sty
Package: keyval 2022/05/29 v1.15 key=value parser (DPC)
\KV@toks@=\toks16
)
(C:/Users/Stuart/AppData/Local/Programs/MiKTeX/tex/generic/iftex/ifvtex.sty
Package: ifvtex 2019/10/25 v1.7 ifvtex legacy package. Use iftex instead.

(C:/Users/Stuart/AppData/Local/Programs/MiKTeX/tex/generic/iftex/iftex.sty
Package: iftex 2022/02/03 v1.0f TeX engine tests
))
\Gm@cnth=\count192
\Gm@cntv=\count193
\c@Gm@tempcnt=\count194
\Gm@bindingoffset=\dimen138
\Gm@wd@mp=\dimen139
\Gm@odd@mp=\dimen140
\Gm@even@mp=\dimen141
\Gm@layoutwidth=\dimen142
\Gm@layoutheight=\dimen143
\Gm@layouthoffset=\dimen144
\Gm@layoutvoffset=\dimen145
\Gm@dimlist=\toks17

(C:/Users/Stuart/AppData/Local/Programs/MiKTeX/tex/latex/geometry/geometry.cfg))

(C:/Users/Stuart/AppData/Local/Programs/MiKTeX/tex/latex/graphics/graphicx.sty
Package: graphicx 2021/09/16 v1.2d Enhanced LaTeX Graphics (DPC,SPQR)

(C:/Users/Stuart/AppData/Local/Programs/MiKTeX/tex/latex/graphics/graphics.sty
Package: graphics 2022/03/10 v1.4e Standard LaTeX Graphics (DPC,SPQR)

(C:/Users/Stuart/AppData/Local/Programs/MiKTeX/tex/latex/graphics/trig.sty
Package: trig 2021/08/11 v1.11 sin cos tan (DPC)
)
(C:/Users/Stuart/AppData/Local/Programs/MiKTeX/tex/latex/graphics-cfg/graphics.
cfg
File: graphics.cfg 2016/06/04 v1.11 sample graphics configuration
)
Package graphics Info: Driver file: luatex.def on input line 107.

(C:/Users/Stuart/AppData/Local/Programs/MiKTeX/tex/latex/graphics-def/luatex.de
f
File: luatex.def 2021/06/01 v1.2c Graphics/color driver for luatex
))
\Gin@req@height=\dimen146
\Gin@req@width=\dimen147
)
(C:/Users/Stuart/AppData/Local/Programs/MiKTeX/tex/latex/fontspec/fontspec.sty
(C:/Users/Stuart/AppData/Local/Programs/MiKTeX/tex/latex/l3packages/xparse/xpar
se.sty
(C:/Users/Stuart/AppData/Local/Programs/MiKTeX/tex/latex/l3kernel/expl3.sty
Package: expl3 2022-06-16 L3 programming layer (loader) 

(C:/Users/Stuart/AppData/Local/Programs/MiKTeX/tex/latex/l3backend/l3backend-lu
atex.def
File: l3backend-luatex.def 2022-04-20 L3 backend support: PDF output (LuaTeX)
\l__color_backend_stack_int=\count195
\l__pdf_internal_box=\box51
))
Package: xparse 2022-06-22 L3 Experimental document command parser
)
Package: fontspec 2022/01/15 v2.8a Font selection for XeLaTeX and LuaLaTeX
Lua module: fontspec 2022/01/15 2.8a Font selection for XeLaTeX and LuaLaTeX
(C:/Users/Stuart/AppData/Local/Programs/MiKTeX/tex/latex/fontspec/fontspec-luat
ex.sty
Package: fontspec-luatex 2022/01/15 v2.8a Font selection for XeLaTeX and LuaLaT
eX
\l__fontspec_script_int=\count196
\l__fontspec_language_int=\count197
\l__fontspec_strnum_int=\count198
\l__fontspec_tmp_int=\count199
\l__fontspec_tmpa_int=\count266
\l__fontspec_tmpb_int=\count267
\l__fontspec_tmpc_int=\count268
\l__fontspec_em_int=\count269
\l__fontspec_emdef_int=\count270
\l__fontspec_strong_int=\count271
\l__fontspec_strongdef_int=\count272
\l__fontspec_tmpa_dim=\dimen148
\l__fontspec_tmpb_dim=\dimen149
\l__fontspec_tmpc_dim=\dimen150

(C:/Users/Stuart/AppData/Local/Programs/MiKTeX/tex/latex/base/fontenc.sty
Package: fontenc 2021/04/29 v2.0v Standard LaTeX package
)
(C:/Users/Stuart/AppData/Local/Programs/MiKTeX/tex/latex/fontspec/fontspec.cfg))
)
(C:/Users/Stuart/AppData/Local/Programs/MiKTeX/tex/latex/newunicodechar/newunic
odechar.sty
Package: newunicodechar 2018/04/08 v1.2 Defining Unicode characters
)
(C:/Users/Stuart/AppData/Local/Programs/MiKTeX/tex/latex/verse/verse.sty
Package: verse 2009/09/04 v2.4a verse typesetting
\c@vslineno=\count273
\c@poemline=\count274
\c@fvsline=\count275
\c@modulo@vs=\count276
\c@verse@envctr=\count277
\versewidth=\skip49
\vgap=\skip50
\vindent=\skip51
\stanzaskip=\skip52
\vleftskip=\skip53
\vrightskip=\skip54
\c@chrsinstr=\count278
\beforepoemtitleskip=\skip55
\afterpoemtitleskip=\skip56
)
(C:/Users/Stuart/AppData/Local/Programs/MiKTeX/tex/latex/base/fix-cm.sty
Package: fix-cm 2020/11/24 v1.1t fixes to LaTeX

(C:/Users/Stuart/AppData/Local/Programs/MiKTeX/tex/latex/base/ts1enc.def
File: ts1enc.def 2001/06/05 v3.0e (jk/car/fm) Standard LaTeX file
LaTeX Font Info:    Redeclaring font encoding TS1 on input line 47.
))
(C:/Users/Stuart/AppData/Local/Programs/MiKTeX/tex/latex/lettrine/lettrine.sty
File: lettrine.sty 2020-03-14 v2.23 (Daniel Flipo)

(C:/Users/Stuart/AppData/Local/Programs/MiKTeX/tex/generic/minifp/minifp.sty
Package: minifp 2013/12/30 v0.96. Macros for real number operations and a stack
-based programing language.
\MFP@loopctr=\count279
)
\c@DefaultLines=\count280
\c@DefaultDepth=\count281
\DefaultFindent=\dimen151
\DefaultNindent=\dimen152
\DefaultSlope=\dimen153
\DiscardVskip=\dimen154
\L@lbox=\box52
\L@tbox=\box53
\c@L@lines=\count282
\c@L@depth=\count283
\L@Pindent=\dimen155
\L@Findent=\dimen156
\L@Nindent=\dimen157
\L@lraise=\dimen158
\L@first=\dimen159
\L@next=\dimen160
\L@slope=\dimen161
\L@height=\dimen162
\L@novskip=\dimen163
\L@target@ht=\dimen164
\L@target@dp=\dimen165
\L@target@tht=\dimen166
\LettrineWidth=\dimen167
\LettrineHeight=\dimen168
\LettrineDepth=\dimen169
\Llist@everypar=\toks18

Loading lettrine.cfg
(C:/Users/Stuart/AppData/Local/Programs/MiKTeX/tex/latex/lettrine/lettrine.cfg))
 (C:/Users/Stuart/AppData/Local/Programs/MiKTeX/tex/latex/url/url.sty
\Urlmuskip=\muskip16
Package: url 2013/09/16  ver 3.4  Verb mode for urls, etc.
)
(C:/Users/Stuart/AppData/Local/Programs/MiKTeX/tex/latex/hyperref/hyperref.sty
Package: hyperref 2022-06-20 v7.00s Hypertext links for LaTeX

(C:/Users/Stuart/AppData/Local/Programs/MiKTeX/tex/generic/ltxcmds/ltxcmds.sty
Package: ltxcmds 2020-05-10 v1.25 LaTeX kernel commands for general use (HO)
)
(C:/Users/Stuart/AppData/Local/Programs/MiKTeX/tex/generic/pdftexcmds/pdftexcmd
s.sty
Package: pdftexcmds 2020-06-27 v0.33 Utility functions of pdfTeX for LuaTeX (HO
)

(C:/Users/Stuart/AppData/Local/Programs/MiKTeX/tex/generic/infwarerr/infwarerr.
sty
Package: infwarerr 2019/12/03 v1.5 Providing info/warning/error messages (HO)
)
Package pdftexcmds Info: \pdf@primitive is available.
Package pdftexcmds Info: \pdf@ifprimitive is available.
Package pdftexcmds Info: \pdfdraftmode found.
\pdftexcmds@toks=\toks19
)
(C:/Users/Stuart/AppData/Local/Programs/MiKTeX/tex/generic/kvsetkeys/kvsetkeys.
sty
Package: kvsetkeys 2019/12/15 v1.18 Key value parser (HO)
)
(C:/Users/Stuart/AppData/Local/Programs/MiKTeX/tex/generic/kvdefinekeys/kvdefin
ekeys.sty
Package: kvdefinekeys 2019-12-19 v1.6 Define keys (HO)
)
(C:/Users/Stuart/AppData/Local/Programs/MiKTeX/tex/generic/pdfescape/pdfescape.
sty
Package: pdfescape 2019/12/09 v1.15 Implements pdfTeX's escape features (HO)
)
(C:/Users/Stuart/AppData/Local/Programs/MiKTeX/tex/latex/hycolor/hycolor.sty
Package: hycolor 2020-01-27 v1.10 Color options for hyperref/bookmark (HO)
)
(C:/Users/Stuart/AppData/Local/Programs/MiKTeX/tex/latex/letltxmacro/letltxmacr
o.sty
Package: letltxmacro 2019/12/03 v1.6 Let assignment for LaTeX macros (HO)
)
(C:/Users/Stuart/AppData/Local/Programs/MiKTeX/tex/latex/auxhook/auxhook.sty
Package: auxhook 2019-12-17 v1.6 Hooks for auxiliary files (HO)
)
(C:/Users/Stuart/AppData/Local/Programs/MiKTeX/tex/latex/hyperref/nameref.sty
Package: nameref 2022-05-17 v2.50 Cross-referencing by name of section

(C:/Users/Stuart/AppData/Local/Programs/MiKTeX/tex/latex/refcount/refcount.sty
Package: refcount 2019/12/15 v3.6 Data extraction from label references (HO)
)
(C:/Users/Stuart/AppData/Local/Programs/MiKTeX/tex/generic/gettitlestring/getti
tlestring.sty
Package: gettitlestring 2019/12/15 v1.6 Cleanup title references (HO)

(C:/Users/Stuart/AppData/Local/Programs/MiKTeX/tex/latex/kvoptions/kvoptions.st
y
Package: kvoptions 2022-06-15 v3.15 Key value format for package options (HO)
))
\c@section@level=\count284
)
\@linkdim=\dimen170
\Hy@linkcounter=\count285
\Hy@pagecounter=\count286

(C:/Users/Stuart/AppData/Local/Programs/MiKTeX/tex/latex/hyperref/pd1enc.def
File: pd1enc.def 2022-06-20 v7.00s Hyperref: PDFDocEncoding definition (HO)
)
(C:/Users/Stuart/AppData/Local/Programs/MiKTeX/tex/generic/intcalc/intcalc.sty
Package: intcalc 2019/12/15 v1.3 Expandable calculations with integers (HO)
)
(C:/Users/Stuart/AppData/Local/Programs/MiKTeX/tex/generic/etexcmds/etexcmds.st
y
Package: etexcmds 2019/12/15 v1.7 Avoid name clashes with e-TeX commands (HO)
)
\Hy@SavedSpaceFactor=\count287
 (C:/Users/Stuart/AppData/Local/Programs/MiKTeX/tex/latex/hyperref/puenc.def
File: puenc.def 2022-06-20 v7.00s Hyperref: PDF Unicode definition (HO)
)
Package hyperref Info: Option `unicode' set `true' on input line 4045.
Package hyperref Info: Hyper figures OFF on input line 4162.
Package hyperref Info: Link nesting OFF on input line 4167.
Package hyperref Info: Hyper index ON on input line 4170.
Package hyperref Info: Plain pages OFF on input line 4177.
Package hyperref Info: Backreferencing OFF on input line 4182.
Package hyperref Info: Implicit mode ON; LaTeX internals redefined.
Package hyperref Info: Bookmarks ON on input line 4408.
\c@Hy@tempcnt=\count288
LaTeX Info: Redefining \url on input line 4746.
\XeTeXLinkMargin=\dimen171
(C:/Users/Stuart/AppData/Local/Programs/MiKTeX/tex/generic/bitset/bitset.sty
Package: bitset 2019/12/09 v1.3 Handle bit-vector datatype (HO)

(C:/Users/Stuart/AppData/Local/Programs/MiKTeX/tex/generic/bigintcalc/bigintcal
c.sty
Package: bigintcalc 2019/12/15 v1.5 Expandable calculations on big integers (HO
)
))
\Fld@menulength=\count289
\Field@Width=\dimen172
\Fld@charsize=\dimen173
Package hyperref Info: Hyper figures OFF on input line 6024.
Package hyperref Info: Link nesting OFF on input line 6029.
Package hyperref Info: Hyper index ON on input line 6032.
Package hyperref Info: backreferencing OFF on input line 6039.
Package hyperref Info: Link coloring OFF on input line 6044.
Package hyperref Info: Link coloring with OCG OFF on input line 6049.
Package hyperref Info: PDF/A mode OFF on input line 6054.

(C:/Users/Stuart/AppData/Local/Programs/MiKTeX/tex/latex/base/atbegshi-ltx.sty
Package: atbegshi-ltx 2021/01/10 v1.0c Emulation of the original atbegshi
package with kernel methods
)
\Hy@abspage=\count290
\c@Item=\count291
\c@Hfootnote=\count292
)
Package hyperref Info: Driver (autodetected): hluatex.
 (C:/Users/Stuart/AppData/Local/Programs/MiKTeX/tex/latex/hyperref/hluatex.def
File: hluatex.def 2022-06-20 v7.00s Hyperref driver for luaTeX

(C:/Users/Stuart/AppData/Local/Programs/MiKTeX/tex/generic/stringenc/stringenc.
sty
Package: stringenc 2019/11/29 v1.12 Convert strings between diff. encodings (HO
)
)
(C:/Users/Stuart/AppData/Local/Programs/MiKTeX/tex/latex/base/atveryend-ltx.sty
Package: atveryend-ltx 2020/08/19 v1.0a Emulation of the original atveryend pac
kage
with kernel methods
)
\Fld@listcount=\count293
\c@bookmark@seq@number=\count294

(C:/Users/Stuart/AppData/Local/Programs/MiKTeX/tex/latex/rerunfilecheck/rerunfi
lecheck.sty
Package: rerunfilecheck 2019/12/05 v1.9 Rerun checks for auxiliary files (HO)

(C:/Users/Stuart/AppData/Local/Programs/MiKTeX/tex/generic/uniquecounter/unique
counter.sty
Package: uniquecounter 2019/12/15 v1.4 Provide unlimited unique counter (HO)
)
Package uniquecounter Info: New unique counter `rerunfilecheck' on input line 2
86.
)
\Hy@SectionHShift=\skip57
)
(C:/Users/Stuart/AppData/Local/Programs/MiKTeX/tex/latex/setspace/setspace.sty
Package: setspace 2011/12/19 v6.7a set line spacing
)
luaotfload | cache : Lookup cache loaded from C:/Users/Stuart/AppData/Local/MiKT
eX/luatex-cache/generic/names/luaotfload-lookup-cache.luc.

Package fontspec Info: Font family 'Alegreya(0)' created for font 'Alegreya'
(fontspec)             with options [Ligatures=TeX,Numbers=OldStyle].
(fontspec)              
(fontspec)              This font family consists of the following NFSS
(fontspec)             series/shapes:
(fontspec)              
(fontspec)             - 'normal' (m/n) with NFSS spec.:
(fontspec)             <->"Alegreya:mode=node;script=latn;language=dflt;+tlig;+
onum;"
(fontspec)             - 'small caps'  (m/sc) with NFSS spec.:
(fontspec)             <->"Alegreya:mode=node;script=latn;language=dflt;+tlig;+
onum;+smcp;"
(fontspec)             - 'bold' (b/n) with NFSS spec.:
(fontspec)             <->"Alegreya/B:mode=node;script=latn;language=dflt;+tlig
;+onum;"
(fontspec)             - 'bold small caps'  (b/sc) with NFSS spec.:
(fontspec)             <->"Alegreya/B:mode=node;script=latn;language=dflt;+tlig
;+onum;+smcp;"
(fontspec)             - 'italic' (m/it) with NFSS spec.:
(fontspec)             <->"Alegreya/I:mode=node;script=latn;language=dflt;+tlig
;+onum;"
(fontspec)             - 'italic small caps'  (m/scit) with NFSS spec.:
(fontspec)             <->"Alegreya/I:mode=node;script=latn;language=dflt;+tlig
;+onum;+smcp;"
(fontspec)             - 'bold italic' (b/it) with NFSS spec.:
(fontspec)             <->"Alegreya/BI:mode=node;script=latn;language=dflt;+tli
g;+onum;"
(fontspec)             - 'bold italic small caps'  (b/scit) with NFSS spec.:
(fontspec)             <->"Alegreya/BI:mode=node;script=latn;language=dflt;+tli
g;+onum;+smcp;"


Package fontspec Info: Font family 'AlegreyaSans(0)' created for font
(fontspec)             'Alegreya Sans' with options
(fontspec)             [Ligatures=TeX,Numbers=OldStyle].
(fontspec)              
(fontspec)              This font family consists of the following NFSS
(fontspec)             series/shapes:
(fontspec)              
(fontspec)             - 'normal' (m/n) with NFSS spec.:
(fontspec)             <->"AlegreyaSans:mode=node;script=latn;language=dflt;+tl
ig;+onum;"
(fontspec)             - 'small caps'  (m/sc) with NFSS spec.:
(fontspec)             <->"AlegreyaSans:mode=node;script=latn;language=dflt;+tl
ig;+onum;+smcp;"
(fontspec)             - 'bold' (b/n) with NFSS spec.:
(fontspec)             <->"AlegreyaSans/B:mode=node;script=latn;language=dflt;+
tlig;+onum;"
(fontspec)             - 'bold small caps'  (b/sc) with NFSS spec.:
(fontspec)             <->"AlegreyaSans/B:mode=node;script=latn;language=dflt;+
tlig;+onum;+smcp;"
(fontspec)             - 'italic' (m/it) with NFSS spec.:
(fontspec)             <->"AlegreyaSans/I:mode=node;script=latn;language=dflt;+
tlig;+onum;"
(fontspec)             - 'italic small caps'  (m/scit) with NFSS spec.:
(fontspec)             <->"AlegreyaSans/I:mode=node;script=latn;language=dflt;+
tlig;+onum;+smcp;"
(fontspec)             - 'bold italic' (b/it) with NFSS spec.:
(fontspec)             <->"AlegreyaSans/BI:mode=node;script=latn;language=dflt;
+tlig;+onum;"
(fontspec)             - 'bold italic small caps'  (b/scit) with NFSS spec.:
(fontspec)             <->"AlegreyaSans/BI:mode=node;script=latn;language=dflt;
+tlig;+onum;+smcp;"


Package fontspec Info: Could not resolve font "AlegreyaSansLightItalic/B" (it
(fontspec)             probably doesn't exist).


Package fontspec Info: Could not resolve font "AlegreyaSansSCLight/BI" (it
(fontspec)             probably doesn't exist).


Package fontspec Info: Could not resolve font "AlegreyaSansSCLight/B" (it
(fontspec)             probably doesn't exist).

luaotfload | aux : font no 42 (nil) does not define feature smcp for script latn
 with language dflt

Package fontspec Info: Font family 'AlegreyaSansSCLight(0)' created for font
(fontspec)             'Alegreya Sans SC Light' with options
(fontspec)             [Numbers=Lining,ItalicFont={Alegreya Sans Light
(fontspec)             Italic}].
(fontspec)              
(fontspec)              This font family consists of the following NFSS
(fontspec)             series/shapes:
(fontspec)              
(fontspec)             - 'normal' (m/n) with NFSS spec.:
(fontspec)             <->"AlegreyaSansSCLight:mode=node;script=latn;language=d
flt;+lnum;"
(fontspec)             - 'small caps'  (m/sc) with NFSS spec.: 
(fontspec)             - 'italic' (m/it) with NFSS spec.:
(fontspec)             <->"AlegreyaSansLightItalic:mode=node;script=latn;langua
ge=dflt;+lnum;"
(fontspec)             - 'italic small caps'  (m/scit) with NFSS spec.:
(fontspec)             <->"AlegreyaSansLightItalic:mode=node;script=latn;langua
ge=dflt;+lnum;+smcp;"


Package fontspec Info: Font family 'Alegreya(1)' created for font 'Alegreya'
(fontspec)             with options [SmallCapsFeatures={RawFeature=+c2sc}].
(fontspec)              
(fontspec)              This font family consists of the following NFSS
(fontspec)             series/shapes:
(fontspec)              
(fontspec)             - 'normal' (m/n) with NFSS spec.:
(fontspec)             <->"Alegreya:mode=node;script=latn;language=dflt;"
(fontspec)             - 'small caps'  (m/sc) with NFSS spec.:
(fontspec)             <->"Alegreya:mode=node;script=latn;language=dflt;+smcp;+
c2sc;"
(fontspec)             - 'bold' (b/n) with NFSS spec.:
(fontspec)             <->"Alegreya/B:mode=node;script=latn;language=dflt;"
(fontspec)             - 'bold small caps'  (b/sc) with NFSS spec.:
(fontspec)             <->"Alegreya/B:mode=node;script=latn;language=dflt;+smcp
;+c2sc;"
(fontspec)             - 'italic' (m/it) with NFSS spec.:
(fontspec)             <->"Alegreya/I:mode=node;script=latn;language=dflt;"
(fontspec)             - 'italic small caps'  (m/scit) with NFSS spec.:
(fontspec)             <->"Alegreya/I:mode=node;script=latn;language=dflt;+smcp
;+c2sc;"
(fontspec)             - 'bold italic' (b/it) with NFSS spec.:
(fontspec)             <->"Alegreya/BI:mode=node;script=latn;language=dflt;"
(fontspec)             - 'bold italic small caps'  (b/scit) with NFSS spec.:
(fontspec)             <->"Alegreya/BI:mode=node;script=latn;language=dflt;+smc
p;+c2sc;"


(C:/Users/Stuart/AppData/Local/Programs/MiKTeX/tex/latex/heuristica/Heuristica.
fontspec)
(C:/Users/Stuart/AppData/Local/Programs/MiKTeX/tex/latex/heuristica/Heuristica.
fontspec)
(C:/Users/Stuart/AppData/Local/Programs/MiKTeX/tex/latex/heuristica/Heuristica.
fontspec)
luaotfload | aux : font no 51 (nil) does not define feature smcp for script latn
 with language dflt
luaotfload | aux : font no 52 (nil) does not define feature smcp for script latn
 with language dflt
luaotfload | aux : font no 53 (nil) does not define feature smcp for script latn
 with language dflt

Package fontspec Info: Font family 'Heuristica(0)' created for font
(fontspec)             'Heuristica' with options [].
(fontspec)              
(fontspec)              This font family consists of the following NFSS
(fontspec)             series/shapes:
(fontspec)              
(fontspec)             - 'normal' (m/n) with NFSS spec.:
(fontspec)             <->"Heuristica:mode=node;script=latn;language=dflt;"
(fontspec)             - 'small caps'  (m/sc) with NFSS spec.:
(fontspec)             <->"Heuristica:mode=node;script=latn;language=dflt;+smcp
;"
(fontspec)             - 'bold' (b/n) with NFSS spec.:
(fontspec)             <->"Heuristica/B:mode=node;script=latn;language=dflt;"
(fontspec)             - 'bold small caps'  (b/sc) with NFSS spec.: 
(fontspec)             - 'italic' (m/it) with NFSS spec.:
(fontspec)             <->"Heuristica/I:mode=node;script=latn;language=dflt;"
(fontspec)             - 'italic small caps'  (m/scit) with NFSS spec.: 
(fontspec)             - 'bold italic' (b/it) with NFSS spec.:
(fontspec)             <->"Heuristica/BI:mode=node;script=latn;language=dflt;"
(fontspec)             - 'bold italic small caps'  (b/scit) with NFSS spec.: 


(C:/Users/Stuart/AppData/Local/Programs/MiKTeX/tex/latex/microtype/microtype.st
y
Package: microtype 2022/06/23 v3.0f Micro-typographical refinements (RS)

(C:/Users/Stuart/AppData/Local/Programs/MiKTeX/tex/latex/etoolbox/etoolbox.sty
Package: etoolbox 2020/10/05 v2.5k e-TeX tools for LaTeX (JAW)
\etb@tempcnta=\count295
)
\MT@toks=\toks20
\MT@tempbox=\box54
\MT@count=\count296
LaTeX Info: Redefining \noprotrusionifhmode on input line 1045.
LaTeX Info: Redefining \leftprotrusion on input line 1046.
LaTeX Info: Redefining \rightprotrusion on input line 1056.
LaTeX Info: Redefining \textls on input line 1234.
\MT@outer@kern=\dimen174
LaTeX Info: Redefining \textmicrotypecontext on input line 1858.
\MT@listname@count=\count297

(C:/Users/Stuart/AppData/Local/Programs/MiKTeX/tex/latex/microtype/microtype-lu
atex.def
File: microtype-luatex.def 2022/06/23 v3.0f Definitions specific to luatex (RS)

Lua module: microtype 2022/06/23 3.0f microtype module.
Module microtype Info: overwriting function `keepligature' on input line 63
LaTeX Info: Redefining \lsstyle on input line 686.
LaTeX Info: Redefining \lslig on input line 686.
\MT@outer@space=\skip58
)
Package microtype Info: Loading configuration file microtype.cfg.

(C:/Users/Stuart/AppData/Local/Programs/MiKTeX/tex/latex/microtype/microtype.cf
g
File: microtype.cfg 2022/06/23 v3.0f microtype main configuration file (RS)
))
(C:/Users/Stuart/AppData/Local/Programs/MiKTeX/tex/latex/titlesec/titlesec.sty
Package: titlesec 2021/07/05 v2.14 Sectioning titles
\ttl@box=\box55
\beforetitleunit=\skip59
\aftertitleunit=\skip60
\ttl@plus=\dimen175
\ttl@minus=\dimen176
\ttl@toksa=\toks21
\titlewidth=\dimen177
\titlewidthlast=\dimen178
\titlewidthfirst=\dimen179
)

Package fontspec Info: Font family 'AlegreyaSans(1)' created for font
(fontspec)             'Alegreya Sans' with options [].
(fontspec)              
(fontspec)              This font family consists of the following NFSS
(fontspec)             series/shapes:
(fontspec)              
(fontspec)             - 'normal' (m/n) with NFSS spec.:
(fontspec)             <->"AlegreyaSans:mode=node;script=latn;language=dflt;"
(fontspec)             - 'small caps'  (m/sc) with NFSS spec.:
(fontspec)             <->"AlegreyaSans:mode=node;script=latn;language=dflt;+sm
cp;"
(fontspec)             - 'bold' (b/n) with NFSS spec.:
(fontspec)             <->"AlegreyaSans/B:mode=node;script=latn;language=dflt;"

(fontspec)             - 'bold small caps'  (b/sc) with NFSS spec.:
(fontspec)             <->"AlegreyaSans/B:mode=node;script=latn;language=dflt;+
smcp;"
(fontspec)             - 'italic' (m/it) with NFSS spec.:
(fontspec)             <->"AlegreyaSans/I:mode=node;script=latn;language=dflt;"

(fontspec)             - 'italic small caps'  (m/scit) with NFSS spec.:
(fontspec)             <->"AlegreyaSans/I:mode=node;script=latn;language=dflt;+
smcp;"
(fontspec)             - 'bold italic' (b/it) with NFSS spec.:
(fontspec)             <->"AlegreyaSans/BI:mode=node;script=latn;language=dflt;
"
(fontspec)             - 'bold italic small caps'  (b/scit) with NFSS spec.:
(fontspec)             <->"AlegreyaSans/BI:mode=node;script=latn;language=dflt;
+smcp;"


Package fontspec Info: Could not resolve font "AlegreyaSansMedium/BI" (it
(fontspec)             probably doesn't exist).


Package fontspec Info: Could not resolve font "AlegreyaSansMedium/B" (it
(fontspec)             probably doesn't exist).


Package fontspec Info: Could not resolve font "AlegreyaSansMedium/I" (it
(fontspec)             probably doesn't exist).


Package fontspec Info: Font family 'AlegreyaSansMedium(0)' created for font
(fontspec)             'Alegreya Sans Medium' with options [].
(fontspec)              
(fontspec)              This font family consists of the following NFSS
(fontspec)             series/shapes:
(fontspec)              
(fontspec)             - 'normal' (m/n) with NFSS spec.:
(fontspec)             <->"AlegreyaSansMedium:mode=node;script=latn;language=df
lt;"
(fontspec)             - 'small caps'  (m/sc) with NFSS spec.:
(fontspec)             <->"AlegreyaSansMedium:mode=node;script=latn;language=df
lt;+smcp;"

(C:/Users/Stuart/AppData/Local/Programs/MiKTeX/tex/latex/tocloft/tocloft.sty
Package: tocloft 2017/08/31 v2.3i parameterised ToC, etc., typesetting
Package tocloft Info: The document has chapter divisions on input line 51.
\cftparskip=\skip61
\cftbeforetoctitleskip=\skip62
\cftaftertoctitleskip=\skip63
\cftbeforepartskip=\skip64
\cftpartnumwidth=\skip65
\cftpartindent=\skip66
\cftbeforechapskip=\skip67
\cftchapindent=\skip68
\cftchapnumwidth=\skip69
\cftbeforesecskip=\skip70
\cftsecindent=\skip71
\cftsecnumwidth=\skip72
\cftbeforesubsecskip=\skip73
\cftsubsecindent=\skip74
\cftsubsecnumwidth=\skip75
\cftbeforesubsubsecskip=\skip76
\cftsubsubsecindent=\skip77
\cftsubsubsecnumwidth=\skip78
\cftbeforeparaskip=\skip79
\cftparaindent=\skip80
\cftparanumwidth=\skip81
\cftbeforesubparaskip=\skip82
\cftsubparaindent=\skip83
\cftsubparanumwidth=\skip84
\cftbeforeloftitleskip=\skip85
\cftafterloftitleskip=\skip86
\cftbeforefigskip=\skip87
\cftfigindent=\skip88
\cftfignumwidth=\skip89
\c@lofdepth=\count298
\c@lotdepth=\count299
\cftbeforelottitleskip=\skip90
\cftafterlottitleskip=\skip91
\cftbeforetabskip=\skip92
\cfttabindent=\skip93
\cfttabnumwidth=\skip94
)
(C:/Users/Stuart/AppData/Local/Programs/MiKTeX/tex/latex/varwidth/varwidth.sty
Package: varwidth 2009/03/30 ver 0.92;  Variable-width minipages
\@vwid@box=\box56
\sift@deathcycles=\count300
\@vwid@loff=\dimen180
\@vwid@roff=\dimen181
)
(C:/Users/Stuart/AppData/Local/Programs/MiKTeX/tex/latex/anyfontsize/anyfontsiz
e.sty
Package: anyfontsize 2007/11/22 anyfontsize.sty by pts
)
(C:/Users/Stuart/AppData/Local/Programs/MiKTeX/tex/latex/fancyhdr/fancyhdr.sty
Package: fancyhdr 2022/05/18 v4.0.3 Extensive control of page headers and foote
rs
\f@nch@headwidth=\skip95
\f@nch@O@elh=\skip96
\f@nch@O@erh=\skip97
\f@nch@O@olh=\skip98
\f@nch@O@orh=\skip99
\f@nch@O@elf=\skip100
\f@nch@O@erf=\skip101
\f@nch@O@olf=\skip102
\f@nch@O@orf=\skip103
) (C:/Users/Stuart/AppData/Local/Programs/MiKTeX/tex/latex/textcase/textcase.st
y
Package: textcase 2022/06/12 v1.02 Text only upper/lower case changing (DPC)
Package textcase Info: Defining Legacy names on input line 20.
)
luaotfload | aux : font no 64 (nil) does not define feature smcp for script latn
 with language dflt
luaotfload | aux : font no 65 (nil) does not define feature smcp for script latn
 with language dflt
luaotfload | aux : font no 66 (nil) does not define feature smcp for script latn
 with language dflt
luaotfload | aux : font no 67 (nil) does not define feature smcp for script latn
 with language dflt

Package fontspec Info: Font family 'AlegreyaSansSC(0)' created for font
(fontspec)             'Alegreya Sans SC' with options
(fontspec)             [SmallCapsFeatures={RawFeature=+c2sc}].
(fontspec)              
(fontspec)              This font family consists of the following NFSS
(fontspec)             series/shapes:
(fontspec)              
(fontspec)             - 'normal' (m/n) with NFSS spec.:
(fontspec)             <->"AlegreyaSansSC:mode=node;script=latn;language=dflt;"

(fontspec)             - 'small caps'  (m/sc) with NFSS spec.: 
(fontspec)             - 'bold' (b/n) with NFSS spec.:
(fontspec)             <->"AlegreyaSansSC/B:mode=node;script=latn;language=dflt
;"
(fontspec)             - 'bold small caps'  (b/sc) with NFSS spec.: 
(fontspec)             - 'italic' (m/it) with NFSS spec.:
(fontspec)             <->"AlegreyaSansSC/I:mode=node;script=latn;language=dflt
;"
(fontspec)             - 'italic small caps'  (m/scit) with NFSS spec.: 
(fontspec)             - 'bold italic' (b/it) with NFSS spec.:
(fontspec)             <->"AlegreyaSansSC/BI:mode=node;script=latn;language=dfl
t;"
(fontspec)             - 'bold italic small caps'  (b/scit) with NFSS spec.: 


Package fontspec Info: Could not resolve font "Symbola/BI" (it probably
(fontspec)             doesn't exist).


Package fontspec Info: Could not resolve font "Symbola/B" (it probably doesn't
(fontspec)             exist).


Package fontspec Info: Could not resolve font "Symbola/I" (it probably doesn't
(fontspec)             exist).

luaotfload | aux : font no 71 (nil) does not define feature smcp for script latn
 with language dflt

Package fontspec Info: Font family 'Symbola(0)' created for font 'Symbola'
(fontspec)             with options [].
(fontspec)              
(fontspec)              This font family consists of the following NFSS
(fontspec)             series/shapes:
(fontspec)              
(fontspec)             - 'normal' (m/n) with NFSS spec.:
(fontspec)             <->"Symbola:mode=node;script=latn;language=dflt;"
(fontspec)             - 'small caps'  (m/sc) with NFSS spec.: 

 (./outkA5e.aux)
\openout1 = outkA5e.aux

LaTeX Font Info:    Checking defaults for OML/cmm/m/it on input line 186.
LaTeX Font Info:    ... okay on input line 186.
LaTeX Font Info:    Checking defaults for OMS/cmsy/m/n on input line 186.
LaTeX Font Info:    ... okay on input line 186.
LaTeX Font Info:    Checking defaults for OT1/cmr/m/n on input line 186.
LaTeX Font Info:    ... okay on input line 186.
LaTeX Font Info:    Checking defaults for T1/cmr/m/n on input line 186.
LaTeX Font Info:    ... okay on input line 186.
LaTeX Font Info:    Checking defaults for TS1/cmr/m/n on input line 186.
LaTeX Font Info:    ... okay on input line 186.
LaTeX Font Info:    Checking defaults for TU/lmr/m/n on input line 186.
LaTeX Font Info:    ... okay on input line 186.
LaTeX Font Info:    Checking defaults for OMX/cmex/m/n on input line 186.
LaTeX Font Info:    ... okay on input line 186.
LaTeX Font Info:    Checking defaults for U/cmr/m/n on input line 186.
LaTeX Font Info:    ... okay on input line 186.
LaTeX Font Info:    Checking defaults for PD1/pdf/m/n on input line 186.
LaTeX Font Info:    ... okay on input line 186.
LaTeX Font Info:    Checking defaults for PU/pdf/m/n on input line 186.
LaTeX Font Info:    ... okay on input line 186.

*geometry* driver: auto-detecting
*geometry* detected driver: luatex
*geometry* verbose mode - [ preamble ] result:
* driver: luatex
* paper: a5paper
* layout: <same size as paper>
* layoutoffset:(h,v)=(0.0pt,0.0pt)
* modes: twoside 
* h-part:(L,W,R)=(43.36243pt, 305.46837pt, 72.26999pt)
* v-part:(T,H,B)=(57.81621pt, 467.42168pt, 72.26999pt)
* \paperwidth=421.10078pt
* \paperheight=597.50787pt
* \textwidth=305.46837pt
* \textheight=467.42168pt
* \oddsidemargin=-28.90756pt
* \evensidemargin=0.0pt
* \topmargin=-46.32758pt
* \headheight=15.0pt
* \headsep=19.8738pt
* \topskip=12.0pt
* \footskip=30.0pt
* \marginparwidth=24.0pt
* \marginparsep=12.0pt
* \columnsep=10.0pt
* \skip\footins=10.8pt plus 4.0pt minus 2.0pt
* \hoffset=0.0pt
* \voffset=0.0pt
* \mag=1000
* \@twocolumnfalse
* \@twosidetrue
* \@mparswitchtrue
* \@reversemarginfalse
* (1in=72.27pt=25.4mm, 1cm=28.453pt)


(C:/Users/Stuart/AppData/Local/Programs/MiKTeX/tex/context/base/mkii/supp-pdf.m
kii
[Loading MPS to PDF converter (version 2006.09.02).]
\scratchcounter=\count301
\scratchdimen=\dimen182
\scratchbox=\box57
\nofMPsegments=\count302
\nofMParguments=\count303
\everyMPshowfont=\toks22
\MPscratchCnt=\count304
\MPscratchDim=\dimen183
\MPnumerator=\count305
\makeMPintoPDFobject=\count306
\everyMPtoPDFconversion=\toks23
)
(C:/Users/Stuart/AppData/Local/Programs/MiKTeX/tex/latex/epstopdf-pkg/epstopdf-
base.sty
Package: epstopdf-base 2020-01-24 v2.11 Base part for package epstopdf
Package epstopdf-base Info: Redefining graphics rule for `.eps' on input line 4
85.

(C:/Users/Stuart/AppData/Local/Programs/MiKTeX/tex/latex/00miktex/epstopdf-sys.
cfg
File: epstopdf-sys.cfg 2021/03/18 v2.0 Configuration of epstopdf for MiKTeX
))

Package fontspec Info: Adjusting the maths setup (use [no-math] to avoid
(fontspec)             this).

\symlegacymaths=\mathgroup4
LaTeX Font Info:    Overwriting symbol font `legacymaths' in version `bold'
(Font)                  OT1/cmr/m/n --> OT1/cmr/bx/n on input line 186.
LaTeX Font Info:    Redeclaring math accent \acute on input line 186.
LaTeX Font Info:    Redeclaring math accent \grave on input line 186.
LaTeX Font Info:    Redeclaring math accent \ddot on input line 186.
LaTeX Font Info:    Redeclaring math accent \tilde on input line 186.
LaTeX Font Info:    Redeclaring math accent \bar on input line 186.
LaTeX Font Info:    Redeclaring math accent \breve on input line 186.
LaTeX Font Info:    Redeclaring math accent \check on input line 186.
LaTeX Font Info:    Redeclaring math accent \hat on input line 186.
LaTeX Font Info:    Redeclaring math accent \dot on input line 186.
LaTeX Font Info:    Redeclaring math accent \mathring on input line 186.
LaTeX Font Info:    Redeclaring math symbol \colon on input line 186.
LaTeX Font Info:    Redeclaring math symbol \Gamma on input line 186.
LaTeX Font Info:    Redeclaring math symbol \Delta on input line 186.
LaTeX Font Info:    Redeclaring math symbol \Theta on input line 186.
LaTeX Font Info:    Redeclaring math symbol \Lambda on input line 186.
LaTeX Font Info:    Redeclaring math symbol \Xi on input line 186.
LaTeX Font Info:    Redeclaring math symbol \Pi on input line 186.
LaTeX Font Info:    Redeclaring math symbol \Sigma on input line 186.
LaTeX Font Info:    Redeclaring math symbol \Upsilon on input line 186.
LaTeX Font Info:    Redeclaring math symbol \Phi on input line 186.
LaTeX Font Info:    Redeclaring math symbol \Psi on input line 186.
LaTeX Font Info:    Redeclaring math symbol \Omega on input line 186.
LaTeX Font Info:    Redeclaring math symbol \mathdollar on input line 186.
LaTeX Font Info:    Redeclaring symbol font `operators' on input line 186.
LaTeX Font Info:    Encoding `OT1' has changed to `TU' for symbol font
(Font)              `operators' in the math version `normal' on input line 186.

LaTeX Font Info:    Overwriting symbol font `operators' in version `normal'
(Font)                  OT1/cmr/m/n --> TU/Alegreya(0)/m/n on input line 186.
LaTeX Font Info:    Encoding `OT1' has changed to `TU' for symbol font
(Font)              `operators' in the math version `bold' on input line 186.
LaTeX Font Info:    Overwriting symbol font `operators' in version `bold'
(Font)                  OT1/cmr/bx/n --> TU/Alegreya(0)/m/n on input line 186.
LaTeX Font Info:    Overwriting symbol font `operators' in version `normal'
(Font)                  TU/Alegreya(0)/m/n --> TU/Alegreya(0)/m/n on input line
 186.
LaTeX Font Info:    Overwriting math alphabet `\mathit' in version `normal'
(Font)                  OT1/cmr/m/it --> TU/Alegreya(0)/m/it on input line 186.

LaTeX Font Info:    Overwriting math alphabet `\mathbf' in version `normal'
(Font)                  OT1/cmr/bx/n --> TU/Alegreya(0)/b/n on input line 186.
LaTeX Font Info:    Overwriting math alphabet `\mathsf' in version `normal'
(Font)                  OT1/cmss/m/n --> TU/AlegreyaSans(0)/m/n on input line 1
86.
LaTeX Font Info:    Overwriting math alphabet `\mathtt' in version `normal'
(Font)                  OT1/cmtt/m/n --> TU/lmtt/m/n on input line 186.
LaTeX Font Info:    Overwriting symbol font `operators' in version `bold'
(Font)                  TU/Alegreya(0)/m/n --> TU/Alegreya(0)/b/n on input line
 186.
LaTeX Font Info:    Overwriting math alphabet `\mathit' in version `bold'
(Font)                  OT1/cmr/bx/it --> TU/Alegreya(0)/b/it on input line 186
.
LaTeX Font Info:    Overwriting math alphabet `\mathsf' in version `bold'
(Font)                  OT1/cmss/bx/n --> TU/AlegreyaSans(0)/b/n on input line 
186.
LaTeX Font Info:    Overwriting math alphabet `\mathtt' in version `bold'
(Font)                  OT1/cmtt/m/n --> TU/lmtt/b/n on input line 186.
Package hyperref Info: Link coloring OFF on input line 186.
 (./outkA5e.out) (./outkA5e.out)
\@outlinefile=\write3

\openout3 = outkA5e.out
LaTeX Info: Redefining \microtypecontext on input line 186.
Package microtype Info: Applying patch `item' on input line 186.
Package microtype Info: Applying patch `toc' on input line 186.
Package microtype Info: Applying patch `eqnum' on input line 186.


Package microtype Warning: Unable to apply patch `footnote' on input line 186.

Package microtype Info: Generating PDF output.
Package microtype Info: Character protrusion enabled (level 2).
Package microtype Info: Using default protrusion set `alltext'.
Package microtype Info: Automatic font expansion enabled (level 2),
(microtype)             stretch: 20, shrink: 20, step: 1, non-selected.
Package microtype Info: Using default expansion set `alltext-nott'.
LaTeX Info: Redefining \showhyphens on input line 186.
Package microtype Info: Tracking enabled.
Package microtype Info: Using tracking set `smallcaps'.
Package microtype Info: No adjustment of spacing.
Package microtype Info: No adjustment of kerning.
Package microtype Info: Loading generic protrusion settings for font family
(microtype)             `Alegreya' (encoding: TU).
(microtype)             For optimal results, create family-specific settings.
(microtype)             See the microtype manual for details.

warning  (file outkA5.jpg) (readjpg): Exif resolution 121dpi x 121dpi differs fr
om the input resolution 120dpi x 120dpi
<outkA5.jpg, id=59, 422.8691pt x 600.2591pt>
File: outkA5.jpg Graphic file (type jpg)
<use outkA5.jpg>
Package luatex.def Info: outkA5.jpg  used on input line 190.
(luatex.def)             Requested size: 220.11057pt x 466.75888pt.
Inserting `luaotfload.letterspace' at position 2 in `pre_linebreak_filter'.
Inserting `luaotfload.letterspace' at position 3 in `hpack_filter'.
Underfull \vbox (badness 10000) has occurred while \output is active []

 [1


<./outkA5.jpg
warning  (readjpg): Exif resolution 121dpi x 121dpi differs from the input resol
ution 120dpi x 120dpi
>]
<lotus.jpg, id=65, 559.08875pt x 958.58125pt>
File: lotus.jpg Graphic file (type jpg)
<use lotus.jpg>
Package luatex.def Info: lotus.jpg  used on input line 203.
(luatex.def)             Requested size: 55.91214pt x 95.86374pt.
<logo-enso-large1.png, id=66, 437.635pt x 434.62375pt>
File: logo-enso-large1.png Graphic file (type png)
<use logo-enso-large1.png>
Package luatex.def Info: logo-enso-large1.png  used on input line 210.
(luatex.def)             Requested size: 35.0115pt x 34.7706pt.
Package microtype Info: Loading generic protrusion settings for font family
(microtype)             `Heuristica' (encoding: TU).
(microtype)             For optimal results, create family-specific settings.
(microtype)             See the microtype manual for details.


LaTeX Font Warning: Font shape `TU/Heuristica(0)/m/scit' undefined
(Font)              using `TU/Heuristica(0)/m/sc' instead on input line 213.


LaTeX Font Warning: Font shape `TU/Heuristica(0)/m/scit' undefined
(Font)              using `TU/Heuristica(0)/m/sc' instead on input line 215.

[2{C:/Users/Stuart/AppData/Local/MiKTeX/fonts/map/pdftex/pdftex.map}<./lotus.jpg
><./logo-enso-large1.png>] [3]
Package microtype Info: Loading generic protrusion settings for font family
(microtype)             `AlegreyaSans' (encoding: TU).
(microtype)             For optimal results, create family-specific settings.
(microtype)             See the microtype manual for details.
 (./outkA5e.toc
LaTeX Font Info:    External font `cmex10' loaded for size
(Font)              <12> on input line 1.
LaTeX Font Info:    External font `cmex10' loaded for size
(Font)              <8> on input line 1.
LaTeX Font Info:    External font `cmex10' loaded for size
(Font)              <6> on input line 1.

(C:/Users/Stuart/AppData/Local/Programs/MiKTeX/tex/latex/microtype/mt-cmr.cfg
File: mt-cmr.cfg 2013/05/19 v2.2 microtype config. file: Computer Modern Roman 
(RS)
))
\tf@toc=\write4

\openout4 = outkA5e.toc
[4] [5

] [6] [7

] [8]
Chapter 1.
<openmouth.png, id=118, 50.1875pt x 50.1875pt>
File: openmouth.png Graphic file (type png)
<use openmouth.png>
Package luatex.def Info: openmouth.png  used on input line 310.
(luatex.def)             Requested size: 17.56587pt x 10.5395pt.
<teeth.png, id=119, 50.1875pt x 50.1875pt>
File: teeth.png Graphic file (type png)
<use teeth.png>
Package luatex.def Info: teeth.png  used on input line 312.
(luatex.def)             Requested size: 17.56587pt x 10.5395pt.
[1


<./openmouth.png>]
Package microtype Info: Loading generic protrusion settings for font family
(microtype)             `Symbola' (encoding: TU).
(microtype)             For optimal results, create family-specific settings.
(microtype)             See the microtype manual for details.
Package microtype Info: Character `AE ' is missing
(microtype)             in font `TU/Symbola(0)/m/n/12'.
(microtype)             Ignoring protrusion settings for this character.
Package microtype Info: Loading generic protrusion settings for font family
(microtype)             `AlegreyaSansSC' (encoding: TU).
(microtype)             For optimal results, create family-specific settings.
(microtype)             See the microtype manual for details.
 [2<./teeth.png>] [3]
File: openmouth.png Graphic file (type png)
<use openmouth.png>
Package luatex.def Info: openmouth.png  used on input line 339.
(luatex.def)             Requested size: 17.56587pt x 10.5395pt.
File: teeth.png Graphic file (type png)
<use teeth.png>
Package luatex.def Info: teeth.png  used on input line 339.
(luatex.def)             Requested size: 17.56587pt x 10.5395pt.
 [4]
<star.png, id=142, 50.1875pt x 50.1875pt>
File: star.png Graphic file (type png)
<use star.png>
Package luatex.def Info: star.png  used on input line 361.
(luatex.def)             Requested size: 17.56587pt x 10.5395pt.
 [5] [6<./star.png>] [7] [8]
[9]
Chapter 2.
File: star.png Graphic file (type png)
<use star.png>
Package luatex.def Info: star.png  used on input line 421.
(luatex.def)             Requested size: 17.56587pt x 10.5395pt.

Underfull \vbox (badness 3492) has occurred while \output is active []

 [10

]
File: teeth.png Graphic file (type png)
<use teeth.png>
Package luatex.def Info: teeth.png  used on input line 444.
(luatex.def)             Requested size: 17.56587pt x 10.5395pt.

[11] [12] [13]
File: openmouth.png Graphic file (type png)
<use openmouth.png>
Package luatex.def Info: openmouth.png  used on input line 481.
(luatex.def)             Requested size: 17.56587pt x 10.5395pt.
 [14] [15] [16] [17]
File: openmouth.png Graphic file (type png)
<use openmouth.png>
Package luatex.def Info: openmouth.png  used on input line 529.
(luatex.def)             Requested size: 17.56587pt x 10.5395pt.
File: teeth.png Graphic file (type png)
<use teeth.png>
Package luatex.def Info: teeth.png  used on input line 545.
(luatex.def)             Requested size: 17.56587pt x 10.5395pt.
 [18] [19] [20] [21] [22]
File: openmouth.png Graphic file (type png)
<use openmouth.png>
Package luatex.def Info: openmouth.png  used on input line 595.
(luatex.def)             Requested size: 17.56587pt x 10.5395pt.

Underfull \vbox (badness 1755) has occurred while \output is active []

 [23]
[24]
<wink.png, id=226, 50.1875pt x 50.1875pt>
File: wink.png Graphic file (type png)
<use wink.png>
Package luatex.def Info: wink.png  used on input line 622.
(luatex.def)             Requested size: 17.56587pt x 10.5395pt.
File: teeth.png Graphic file (type png)
<use teeth.png>
Package luatex.def Info: teeth.png  used on input line 626.
(luatex.def)             Requested size: 17.56587pt x 10.5395pt.
 [25<./wink.png>] [26]
Chapter 3.
File: teeth.png Graphic file (type png)
<use teeth.png>
Package luatex.def Info: teeth.png  used on input line 656.
(luatex.def)             Requested size: 17.56587pt x 10.5395pt.
[27

]
<cry.png, id=240, 50.1875pt x 50.1875pt>
File: cry.png Graphic file (type png)
<use cry.png>
Package luatex.def Info: cry.png  used on input line 660.
(luatex.def)             Requested size: 17.56587pt x 10.5395pt.
File: teeth.png Graphic file (type png)
<use teeth.png>
Package luatex.def Info: teeth.png  used on input line 660.
(luatex.def)             Requested size: 17.56587pt x 10.5395pt.

Underfull \vbox (badness 1755) has occurred while \output is active []

 [28]
<smile.png, id=245, 50.1875pt x 50.1875pt>
File: smile.png Graphic file (type png)
<use smile.png>
Package luatex.def Info: smile.png  used on input line 666.
(luatex.def)             Requested size: 17.56587pt x 10.5395pt.
File: wink.png Graphic file (type png)
<use wink.png>
Package luatex.def Info: wink.png  used on input line 668.
(luatex.def)             Requested size: 17.56587pt x 10.5395pt.

Underfull \vbox (badness 10000) has occurred while \output is active []

 [29<./cry.png><./smile.png>]
File: openmouth.png Graphic file (type png)
<use openmouth.png>
Package luatex.def Info: openmouth.png  used on input line 678.
(luatex.def)             Requested size: 17.56587pt x 10.5395pt.
 [30] [31] [32]
File: teeth.png Graphic file (type png)
<use teeth.png>
Package luatex.def Info: teeth.png  used on input line 716.
(luatex.def)             Requested size: 17.56587pt x 10.5395pt.
 [33]
File: teeth.png Graphic file (type png)
<use teeth.png>
Package luatex.def Info: teeth.png  used on input line 737.
(luatex.def)             Requested size: 17.56587pt x 10.5395pt.
File: smile.png Graphic file (type png)
<use smile.png>
Package luatex.def Info: smile.png  used on input line 741.
(luatex.def)             Requested size: 17.56587pt x 10.5395pt.
 [34] [35] [36] [37]
Underfull \vbox (badness 4832) has occurred while \output is active []

 [38]
File: smile.png Graphic file (type png)
<use smile.png>
Package luatex.def Info: smile.png  used on input line 793.
(luatex.def)             Requested size: 17.56587pt x 10.5395pt.
File: openmouth.png Graphic file (type png)
<use openmouth.png>
Package luatex.def Info: openmouth.png  used on input line 793.
(luatex.def)             Requested size: 17.56587pt x 10.5395pt.
File: smile.png Graphic file (type png)
<use smile.png>
Package luatex.def Info: smile.png  used on input line 793.
(luatex.def)             Requested size: 17.56587pt x 10.5395pt.
File: teeth.png Graphic file (type png)
<use teeth.png>
Package luatex.def Info: teeth.png  used on input line 796.
(luatex.def)             Requested size: 17.56587pt x 10.5395pt.

[39]
Underfull \vbox (badness 3250) has occurred while \output is active []

 [40]
[41]
Chapter 4.
File: openmouth.png Graphic file (type png)
<use openmouth.png>
Package luatex.def Info: openmouth.png  used on input line 834.
(luatex.def)             Requested size: 17.56587pt x 10.5395pt.
[42

] [43]
File: cry.png Graphic file (type png)
<use cry.png>
Package luatex.def Info: cry.png  used on input line 858.
(luatex.def)             Requested size: 17.56587pt x 10.5395pt.
File: openmouth.png Graphic file (type png)
<use openmouth.png>
Package luatex.def Info: openmouth.png  used on input line 858.
(luatex.def)             Requested size: 17.56587pt x 10.5395pt.

Underfull \vbox (badness 10000) has occurred while \output is active []

 [44]
[45] [46]
File: wink.png Graphic file (type png)
<use wink.png>
Package luatex.def Info: wink.png  used on input line 885.
(luatex.def)             Requested size: 17.56587pt x 10.5395pt.

Underfull \vbox (badness 10000) has occurred while \output is active []

 [47]
[48] [49] [50]
File: teeth.png Graphic file (type png)
<use teeth.png>
Package luatex.def Info: teeth.png  used on input line 946.
(luatex.def)             Requested size: 17.56587pt x 10.5395pt.

Underfull \vbox (badness 1755) has occurred while \output is active []

 [51]
[52] [53]
Chapter 5.
[54

] [55] [56] [57] [58] [59]
File: smile.png Graphic file (type png)
<use smile.png>
Package luatex.def Info: smile.png  used on input line 1090.
(luatex.def)             Requested size: 17.56587pt x 10.5395pt.

Underfull \vbox (badness 4832) has occurred while \output is active []

 [60]
File: wink.png Graphic file (type png)
<use wink.png>
Package luatex.def Info: wink.png  used on input line 1098.
(luatex.def)             Requested size: 17.56587pt x 10.5395pt.

Underfull \vbox (badness 4832) has occurred while \output is active []

 [61]
[62] [63] [64] [65] [66] [67]
File: openmouth.png Graphic file (type png)
<use openmouth.png>
Package luatex.def Info: openmouth.png  used on input line 1196.
(luatex.def)             Requested size: 17.56587pt x 10.5395pt.
 [68] [69]
Chapter 6.
File: wink.png Graphic file (type png)
<use wink.png>
Package luatex.def Info: wink.png  used on input line 1226.
(luatex.def)             Requested size: 17.56587pt x 10.5395pt.
File: openmouth.png Graphic file (type png)
<use openmouth.png>
Package luatex.def Info: openmouth.png  used on input line 1232.
(luatex.def)             Requested size: 17.56587pt x 10.5395pt.
[70

] [71] [72] [73]
File: openmouth.png Graphic file (type png)
<use openmouth.png>
Package luatex.def Info: openmouth.png  used on input line 1295.
(luatex.def)             Requested size: 17.56587pt x 10.5395pt.
 [74] [75] [76] [77] [78] [79] [80]
Underfull \vbox (badness 1661) has occurred while \output is active []

 [81]
Underfull \vbox (badness 1755) has occurred while \output is active []

 [82]
[83]
Chapter 7.
File: teeth.png Graphic file (type png)
<use teeth.png>
Package luatex.def Info: teeth.png  used on input line 1410.
(luatex.def)             Requested size: 17.56587pt x 10.5395pt.
[84

] [85] [86]
File: teeth.png Graphic file (type png)
<use teeth.png>
Package luatex.def Info: teeth.png  used on input line 1439.
(luatex.def)             Requested size: 17.56587pt x 10.5395pt.
 [87] [88] [89] [90]
File: teeth.png Graphic file (type png)
<use teeth.png>
Package luatex.def Info: teeth.png  used on input line 1492.
(luatex.def)             Requested size: 17.56587pt x 10.5395pt.

Underfull \vbox (badness 1755) has occurred while \output is active []

 [91]
File: openmouth.png Graphic file (type png)
<use openmouth.png>
Package luatex.def Info: openmouth.png  used on input line 1510.
(luatex.def)             Requested size: 17.56587pt x 10.5395pt.

[92] [93] [94]
File: teeth.png Graphic file (type png)
<use teeth.png>
Package luatex.def Info: teeth.png  used on input line 1551.
(luatex.def)             Requested size: 17.56587pt x 10.5395pt.
File: openmouth.png Graphic file (type png)
<use openmouth.png>
Package luatex.def Info: openmouth.png  used on input line 1557.
(luatex.def)             Requested size: 17.56587pt x 10.5395pt.
File: cry.png Graphic file (type png)
<use cry.png>
Package luatex.def Info: cry.png  used on input line 1557.
(luatex.def)             Requested size: 17.56587pt x 10.5395pt.
File: smile.png Graphic file (type png)
<use smile.png>
Package luatex.def Info: smile.png  used on input line 1559.
(luatex.def)             Requested size: 17.56587pt x 10.5395pt.
 [95] [96]
Chapter 8.
File: wink.png Graphic file (type png)
<use wink.png>
Package luatex.def Info: wink.png  used on input line 1578.
(luatex.def)             Requested size: 17.56587pt x 10.5395pt.
[97

] [98]
File: teeth.png Graphic file (type png)
<use teeth.png>
Package luatex.def Info: teeth.png  used on input line 1606.
(luatex.def)             Requested size: 17.56587pt x 10.5395pt.
 [99]
<sweat.png, id=540, 50.1875pt x 50.1875pt>
File: sweat.png Graphic file (type png)
<use sweat.png>
Package luatex.def Info: sweat.png  used on input line 1618.
(luatex.def)             Requested size: 17.56587pt x 10.5395pt.
File: teeth.png Graphic file (type png)
<use teeth.png>
Package luatex.def Info: teeth.png  used on input line 1622.
(luatex.def)             Requested size: 17.56587pt x 10.5395pt.
 [100<./sweat.png>] [101] [102]
File: openmouth.png Graphic file (type png)
<use openmouth.png>
Package luatex.def Info: openmouth.png  used on input line 1666.
(luatex.def)             Requested size: 17.56587pt x 10.5395pt.
 [103] [104] [105] [106] [107]
File: openmouth.png Graphic file (type png)
<use openmouth.png>
Package luatex.def Info: openmouth.png  used on input line 1735.
(luatex.def)             Requested size: 17.56587pt x 10.5395pt.

[108]
Underfull \vbox (badness 7522) has occurred while \output is active []

 [109]
[110]
File: openmouth.png Graphic file (type png)
<use openmouth.png>
Package luatex.def Info: openmouth.png  used on input line 1764.
(luatex.def)             Requested size: 17.56587pt x 10.5395pt.
 [111] [112] [113]
Chapter 9.
File: teeth.png Graphic file (type png)
<use teeth.png>
Package luatex.def Info: teeth.png  used on input line 1801.
(luatex.def)             Requested size: 17.56587pt x 10.5395pt.
[114

] [115] [116] [117] [118]
File: wink.png Graphic file (type png)
<use wink.png>
Package luatex.def Info: wink.png  used on input line 1883.
(luatex.def)             Requested size: 17.56587pt x 10.5395pt.
 [119]
File: teeth.png Graphic file (type png)
<use teeth.png>
Package luatex.def Info: teeth.png  used on input line 1887.
(luatex.def)             Requested size: 17.56587pt x 10.5395pt.
 [120] [121] [122] [123]
File: smile.png Graphic file (type png)
<use smile.png>
Package luatex.def Info: smile.png  used on input line 1945.
(luatex.def)             Requested size: 17.56587pt x 10.5395pt.
File: smile.png Graphic file (type png)
<use smile.png>
Package luatex.def Info: smile.png  used on input line 1958.
(luatex.def)             Requested size: 17.56587pt x 10.5395pt.
 [124] [125]
[126]
Chapter 10.
File: openmouth.png Graphic file (type png)
<use openmouth.png>
Package luatex.def Info: openmouth.png  used on input line 1999.
(luatex.def)             Requested size: 17.56587pt x 10.5395pt.
[127

]
Package microtype Info: Loading generic protrusion settings for font family
(microtype)             `AlegreyaSansMedium' (encoding: TU).
(microtype)             For optimal results, create family-specific settings.
(microtype)             See the microtype manual for details.
File: wink.png Graphic file (type png)
<use wink.png>
Package luatex.def Info: wink.png  used on input line 2020.
(luatex.def)             Requested size: 17.56587pt x 10.5395pt.
 [128] [129] [130] [131] [132] [133]
File: teeth.png Graphic file (type png)
<use teeth.png>
Package luatex.def Info: teeth.png  used on input line 2084.
(luatex.def)             Requested size: 17.56587pt x 10.5395pt.
 [134] [135] [136]
Underfull \vbox (badness 2285) has occurred while \output is active []

 [137]
[138]
Underfull \vbox (badness 1661) has occurred while \output is active []

 [139]
File: star.png Graphic file (type png)
<use star.png>
Package luatex.def Info: star.png  used on input line 2158.
(luatex.def)             Requested size: 17.56587pt x 10.5395pt.

[140]
File: teeth.png Graphic file (type png)
<use teeth.png>
Package luatex.def Info: teeth.png  used on input line 2178.
(luatex.def)             Requested size: 17.56587pt x 10.5395pt.
 [141] [142]
File: teeth.png Graphic file (type png)
<use teeth.png>
Package luatex.def Info: teeth.png  used on input line 2209.
(luatex.def)             Requested size: 17.56587pt x 10.5395pt.
File: smile.png Graphic file (type png)
<use smile.png>
Package luatex.def Info: smile.png  used on input line 2219.
(luatex.def)             Requested size: 17.56587pt x 10.5395pt.
 [143] [144]
Chapter 11.
[145

] [146]
File: wink.png Graphic file (type png)
<use wink.png>
Package luatex.def Info: wink.png  used on input line 2261.
(luatex.def)             Requested size: 17.56587pt x 10.5395pt.
 [147]
Overfull \hbox (2.4749pt too wide) in paragraph at lines 2282--2283
[]\TU/Alegreya(0)/m/n/12 Its in-cred-i-ble how this tech-nique works. Its like self-hypnosis
 []

[148]
File: wink.png Graphic file (type png)
<use wink.png>
Package luatex.def Info: wink.png  used on input line 2288.
(luatex.def)             Requested size: 17.56587pt x 10.5395pt.
 [149] [150] [151]
File: teeth.png Graphic file (type png)
<use teeth.png>
Package luatex.def Info: teeth.png  used on input line 2323.
(luatex.def)             Requested size: 17.56587pt x 10.5395pt.

Underfull \vbox (badness 4193) has occurred while \output is active []

 [152]
<unhappy.png, id=760, 14.11523pt x 14.11523pt>
File: unhappy.png Graphic file (type png)
<use unhappy.png>
Package luatex.def Info: unhappy.png  used on input line 2329.
(luatex.def)             Requested size: 4.94038pt x -2.08597pt.

[153<./unhappy.png>]
File: sweat.png Graphic file (type png)
<use sweat.png>
Package luatex.def Info: sweat.png  used on input line 2333.
(luatex.def)             Requested size: 17.56587pt x 10.5395pt.
 [154]
File: wink.png Graphic file (type png)
<use wink.png>
Package luatex.def Info: wink.png  used on input line 2344.
(luatex.def)             Requested size: 17.56587pt x 10.5395pt.
 [155] [156] [157]
Chapter 12.
File: openmouth.png Graphic file (type png)
<use openmouth.png>
Package luatex.def Info: openmouth.png  used on input line 2385.
(luatex.def)             Requested size: 17.56587pt x 10.5395pt.
File: openmouth.png Graphic file (type png)
<use openmouth.png>
Package luatex.def Info: openmouth.png  used on input line 2396.
(luatex.def)             Requested size: 17.56587pt x 10.5395pt.
[158

]
Underfull \vbox (badness 1755) has occurred while \output is active []

 [159]
File: unhappy.png Graphic file (type png)
<use unhappy.png>
Package luatex.def Info: unhappy.png  used on input line 2413.
(luatex.def)             Requested size: 4.94038pt x -2.08597pt.

[160] [161] [162]
File: openmouth.png Graphic file (type png)
<use openmouth.png>
Package luatex.def Info: openmouth.png  used on input line 2463.
(luatex.def)             Requested size: 17.56587pt x 10.5395pt.
 [163] [164]
File: teeth.png Graphic file (type png)
<use teeth.png>
Package luatex.def Info: teeth.png  used on input line 2488.
(luatex.def)             Requested size: 17.56587pt x 10.5395pt.
File: star.png Graphic file (type png)
<use star.png>
Package luatex.def Info: star.png  used on input line 2490.
(luatex.def)             Requested size: 17.56587pt x 10.5395pt.
 [165] [166] [167] [168]
File: openmouth.png Graphic file (type png)
<use openmouth.png>
Package luatex.def Info: openmouth.png  used on input line 2549.
(luatex.def)             Requested size: 17.56587pt x 10.5395pt.
 [169] [170]
File: wink.png Graphic file (type png)
<use wink.png>
Package luatex.def Info: wink.png  used on input line 2587.
(luatex.def)             Requested size: 17.56587pt x 10.5395pt.
<question.png, id=836, 50.1875pt x 50.1875pt>
File: question.png Graphic file (type png)
<use question.png>
Package luatex.def Info: question.png  used on input line 2587.
(luatex.def)             Requested size: 17.56587pt x 10.5395pt.
 [171<./question.png>] [172]
File: smile.png Graphic file (type png)
<use smile.png>
Package luatex.def Info: smile.png  used on input line 2622.
(luatex.def)             Requested size: 17.56587pt x 10.5395pt.
 [173]
File: star.png Graphic file (type png)
<use star.png>
Package luatex.def Info: star.png  used on input line 2637.
(luatex.def)             Requested size: 17.56587pt x 10.5395pt.
 [174] (./outkA5e.aux)
Package rerunfilecheck Info: File `outkA5e.out' has not changed.
(rerunfilecheck)             Checksum: 47CD5FF890969FC404F0C2E0F163D2D0;1896.
)

Here is how much of LuaTeX's memory you used:
 16151 strings out of 477491
 125240,794899 words of node,token memory allocated
 636 words of node memory still in use:
   3 hlist, 1 vlist, 1 rule, 2 glue, 3 kern, 1 glyph, 4 attribute, 94 glue_spec,
 4 attribute_list, 1 write nodes
   avail lists: 1:1,2:516,3:172,4:46,5:528,6:57,7:4638,8:31,9:289,10:19,11:252
 36050 multiletter control sequences out of 65536+600000
 110 fonts using 31768295 bytes
 72i,12n,97p,1353b,451s stack positions out of 10000i,1000n,20000p,200000b,80000s
<C:/Users/Stuart/AppData/Local/Programs/MiKTeX/fonts/opentype/huerta/alegreya/al
egreyasans-medium.otf><C:/Users/Stuart/AppData/Local/Programs/MiKTeX/fonts/opent
ype/huerta/alegreya/alegreya-bolditalic.otf><C:/Users/Stuart/AppData/Local/Progr
ams/MiKTeX/fonts/opentype/huerta/alegreya/alegreyasanssc-regular.otf><C:/Users/S
tuart/AppData/Local/Microsoft/Windows/Fonts/symbola.ttf><C:/Users/Stuart/AppData
/Local/Programs/MiKTeX/fonts/opentype/huerta/alegreya/alegreyasans-bold.otf><C:/
Users/Stuart/AppData/Local/Programs/MiKTeX/fonts/opentype/huerta/alegreya/alegre
yasans-italic.otf><C:/Users/Stuart/AppData/Local/Programs/MiKTeX/fonts/opentype/
huerta/alegreya/alegreya-bold.otf><C:/Users/Stuart/AppData/Local/Programs/MiKTeX
/fonts/opentype/public/heuristica/heuristica-regular.otf><C:/Users/Stuart/AppDat
a/Local/Programs/MiKTeX/fonts/opentype/huerta/alegreya/alegreya-italic.otf><C:/U
sers/Stuart/AppData/Local/Programs/MiKTeX/fonts/opentype/huerta/alegreya/alegrey
a-regular.otf>
Output written on outkA5e.pdf (182 pages, 692739 bytes).

PDF statistics: 929 PDF objects out of 1000 (max. 8388607)
 197 named destinations out of 1000 (max. 131072)
 113 words of extra memory for PDF output out of 10000 (max. 100000000)

